sizes
219107
1050447
351929
975409
480536
708804
784755
743549
903087
757860
872833
468420
411701
637515
353803
1010000
264872
1051690
601444
705134
116255
210518
125145
620481
732628
128403
563248
658385
454758
116235
389457
247036
1070939
147982
100085
131814
1059594
937834
116828
130088
379821
850194
1071679
1006201
814797
1041205
1087053
1064243
630132
1012906
1057308
991855
272016
433808
996228
185072
439268
711761
535381
153235
470028
222417
930912
1084902
197163
470534
429095
729766
295398
153184
1007064
283759
315200
649800
979175
370061
726493
1007321
150979
931299
883833
372914
639111
287263
864208
1088370
720096
1001533
193718
485871
960020
152174
423138
1075071
206035
935028
1079914
155254
561744
753294
308953
765085
243685
548546
914505
801154
733106
482791
1073144
482146
390697
487839
675001
728318
579876
231001
300862
969307
434863
896454
825542
828051
439730
437868
948819
388842
110984
750574
686310
956034
473773
1092554
836026
288157
887099
103215
175480
249292
590556
334632
153994
988700
508232
1019240
1016206
222842
1030820
530750
714374
667820
919024
312875
195944
377781
565630
972259
985495
927253
122944
1012203
401288
814370
1033345
915731
183135
958448
409720
147933
300222
720682
840645
1074436
933403
253679
1038504
916228
1042779
1068390
511173
1088207
219268
395227
1003236
771347
347391
973240
199920
377739
195233
1024260
871162
394919
697232
859657
549750
309853
604139
712453
847996
923676
540393
258721
892279
150957
980586
415166
210620
308957
1047598
905857
230425
858867
215965
829382
938057
878923
839296
941594
1048152
202339
738235
335051
877962
783526
709442
1095548
778057
652201
1000414
1047265
257389
439593
928437
987052
394662
420847
391159
1048862
465649
237750
617400
227660
216489
1034805
818620
713394
896545
732027
985835
678301
139515
1030765
202487
532477
693940
955282
312237
278351
1097474
203234
304248
930757
178628
1054441
489252
495991
709730
979280
483709
147070
308792
369660
804504
889223
613695
947274
807545
866305
807915
827228
1091392
637313
608728
1014482
939476
725283
750709
672489
116338
479894
887529
525263
916707
951410
565193
816421
793330
752963
967184
958540
953420
808082
368066
875529
182478
500977
659474
411594
644932
363798
249049
152526
881726
974276
893649
1022676
347155
563243
416504
586771
346897
712596
904009
944399
1016993
283685
832644
737310
833737
265806
102052
674525
1080020
337630
260254
733861
111558
808821
149263
254858
192050
406870
172822
844573
962854
244584
873536
162127
136332
845019
272067
195933
129462
724750
585441
322567
472944
250399
748572
723539
541682
471718
1083677
666422
901349
258210
902436
1041223
526547
934677
888310
867790
972307
681346
659401
918600
373320
585772
120692
886999
794551
219532
891388
213753
973340
659304
346837
345263
428847
271900
864790
916411
890787
193114
912829
355004
172575
582877
529475
575268
220251
251151
993927
603886
526436
208691
479498
441904
342964
138001
711506
1076030
1051109
1032437
402894
125058
147784
857294
1057644
197168
556412
922351
590810
997490
607115
509581
546498
390415
197790
692464
1067072
1023579
589028
532360
665149
279105
223080
379716
771727
612300
355367
1060757
944594
961070
109151
134306
600358
667510
153330
490651
439516
108419
1088521
868990
444751
959844
992216
129792
512148
974187
141795
491643
337819
807965
115158
812178
1097880
666532
173086
115998
1037703
933068
849065
688762
594484
874362
1048503
614225
764888
172201
222189
111788
464431
269098
1046625
129123
645914
204674
887740
434035
103043
1073239
471710
949475
596716
908013
760139
151771
385209
599581

arrivals
10
13
14
17
23
25
27
30
33
34
36
39
40
41
43
45
49
53
57
59
60
60
61
63
69
72
74
74
74
76
77
79
82
83
85
86
86
87
88
89
92
94
95
100
101
101
101
102
108
108
110
110
112
113
114
114
114
114
115
116
124
125
125
128
129
130
134
134
134
142
142
143
145
146
147
149
152
155
156
157
160
160
168
171
172
175
176
178
186
189
189
190
191
194
195
195
199
199
200
200
204
207
209
211
215
215
216
216
219
221
221
221
221
223
224
226
226
227
233
233
234
237
237
237
242
244
248
248
250
252
252
252
253
254
254
260
260
262
262
262
264
266
267
267
269
271
271
275
286
287
288
289
295
295
295
295
304
305
306
308
310
317
319
319
322
324
326
328
328
334
335
335
338
342
344
345
347
347
348
349
350
350
358
360
360
360
362
362
363
363
363
364
365
365
367
367
369
371
371
372
375
379
381
386
387
388
388
390
391
391
391
399
400
400
405
406
408
409
409
411
413
420
422
423
428
429
432
433
433
435
435
441
449
449
453
453
455
457
458
460
461
462
464
464
466
466
468
468
476
479
480
482
491
492
493
496
496
497
499
501
502
502
502
503
510
510
513
519
521
522
523
525
529
531
535
535
535
537
538
538
541
543
544
551
551
555
555
561
562
563
563
566
567
569
571
571
575
576
578
580
581
581
586
586
589
593
594
596
598
599
599
600
603
606
607
613
613
614
614
621
623
626
631
634
634
635
636
636
643
644
647
650
651
654
664
665
666
666
668
668
668
669
670
671
672
673
674
674
674
675
678
678
681
682
682
684
689
691
693
695
698
698
700
702
705
710
712
712
714
715
717
721
725
728
730
740
743
744
747
755
756
757
757
757
760
762
764
768
768
769
769
770
771
774
775
776
777
778
779
780
782
783
784
786
789
795
795
797
798
801
802
803
806
806
809
809
809
809
812
815
817
823
825
828
829
831
832
832
833
835
844
847
847
847
850
850
851
858
861
861
862
862
864
866
867
868
870
875
875
876
880
880
881
883
884
885
892
894
896
899
905
906
913
917
918
918
920
923
926
932
933
935
938
948
956
962
963
965
969
971
975
976
977
977
979
985
985
986
986
986
987
990
993
994
998
1000
1001
1004
1007
1008

lifetimes
2879
637
4547
2500
3957
2691
3923
3990
3937
5197
9677
5641
683
3623
1744
7113
8011
4725
9416
1816
3518
10222
9745
3120
852
3579
1162
892
3821
7575
9383
9578
7298
6219
8353
7884
9760
6319
5620
1454
9270
10063
7647
9634
5614
2410
1816
9535
3445
3469
4802
6417
8219
8795
2933
4290
7728
9627
6275
10324
6115
4712
7437
3528
9100
8657
10495
2721
5044
9178
8557
3695
9455
1999
7540
5112
4301
7410
8042
6284
3352
2287
8437
8546
2662
5087
1333
5185
8394
10375
1011
8807
1735
3712
3162
658
3791
5247
7776
10498
8381
5204
9008
9092
5818
7165
7867
10462
4567
5098
9973
1573
8254
8905
1569
8863
3983
1623
5500
3952
8226
655
8052
1144
9622
10216
853
8560
10151
8276
6885
5727
9435
5502
5002
5515
6015
9286
3123
7344
9687
6662
4636
1575
6733
634
1757
4172
6786
2115
1882
3988
1112
2770
9970
6340
7463
8136
3351
2953
5399
6087
2976
7384
4340
7304
4886
10029
1729
1567
9648
4885
4700
5758
6780
7553
3357
9923
2305
5340
507
5508
3435
2747
1949
3445
9131
1483
6050
10111
2628
4407
9577
4694
10335
7530
8968
4871
4632
9803
1429
7124
8366
3993
5753
7511
1847
1510
3552
7236
5290
5784
573
1314
8533
6471
4424
1500
8310
4503
2537
2902
9820
8560
5756
7619
3833
5488
7475
2174
8756
613
5085
3207
1150
2669
2157
2592
3676
2863
9908
9852
900
5528
4305
9793
6196
4567
4401
6284
1899
3075
2695
4059
9326
8741
4727
1159
10148
6890
748
1523
8941
5757
8821
5395
711
1964
4036
8367
6125
5804
8958
5259
2807
3236
8813
8983
3392
8651
10183
8836
5681
4456
9466
9940
5630
5605
8120
8052
3493
2207
9692
5612
5084
9197
8220
2481
6739
1633
773
8325
2532
7902
7798
3349
6808
7187
9952
5600
7302
6948
9849
1076
8099
7678
7380
10413
3137
8342
1329
9216
6819
4073
10049
5908
3911
9438
3767
9717
5724
7161
9192
10076
6792
1924
4188
5012
2866
7015
3513
512
7426
4055
6573
10268
2451
2712
8467
8631
2534
2010
699
2181
6690
5106
3099
1372
7356
947
4788
5975
6098
7427
3285
9810
1538
1226
9415
6092
2610
6590
5256
6416
10033
7910
4629
1964
5393
4098
8173
2113
8219
7850
5713
3905
8378
2454
3769
1348
6796
5560
7475
9268
7265
1941
5717
7272
7242
7068
8388
2779
2716
9624
3517
7688
4869
8721
1757
4595
4317
5592
6600
4619
694
1933
9635
7698
5767
2187
2248
7996
5846
9952
4453
8815
5231
4040
8139
6301
2209
6095
2323
4630
4020
1665
528
2888
4596
1767
7636
2086
7522
571
1901
3026
1394
4776
6469
7941
10075
4227
5490
2467
8382
2627
4085
9010
1982
5145
6989
3443
8699
6755
3221
5367
5342
1609
5018
3303
6942
9647
3689
6857
1725
9158
8916
1239
2956
6056
742
1696
994
9039
4653
3435
5216
1149
6761
8651
3137
7290
3983
2536
516
6472
2454
1256
973
1721

Objects: 500
Simulations: 100
[4.0, 16.0, 80.0]
Expected total pause time: 133133.43
Expected variance of pause times: 2555.1638272832793
Generation 0: 4.0
Generation 1: 16.0
Generation 2: 80.0
Variance total pause time: 10432.078729816985
[5.0, 25.0, 70.0]
Expected total pause time: 133446.47
Expected variance of pause times: 2347.1853611160595
Generation 0: 5.0
Generation 1: 25.0
Generation 2: 70.0
Variance total pause time: 15868.024475311979
[6.0, 36.0, 58.0]
Expected total pause time: 119636.82
Expected variance of pause times: 1607.3163441431666
Generation 0: 6.0
Generation 1: 36.0
Generation 2: 58.0
Variance total pause time: 8111.29159798857
[33.0, 33.0, 34.0]
Expected total pause time: 53806.19
Expected variance of pause times: 1779.5470772703225
Generation 0: 33.0
Generation 1: 33.0
Generation 2: 34.0
Variance total pause time: 5437.480684462245
[50.0, 30.0, 20.0]
Expected total pause time: 47312.18
Expected variance of pause times: 2009.6598962015173
Generation 0: 50.0
Generation 1: 30.0
Generation 2: 20.0
Variance total pause time: 4648.216254392646
