sizes
136840
468260
755030
620784
291947
415403
878811
515386
503046
836719
441654
318118
557381
131621
533212
539671
543703
539687
681625
1039598
465572
1026006
100117
1058908
171309
546901
827502
1084880
1007316
371323
527854
817963
150671
150231
861621
229407
530193
988442
553955
897960
585150
670383
778344
292154
935866
366252
1036221
995559
434186
1049993
912829
715487
501555
813919
465613
544519
867052
109701
518176
760939
309408
373137
588743
1049976
810322
789679
109850
279034
464296
523223
751109
100672
702804
643413
791972
305899
174802
215038
342410
1019680
756060
893316
804177
351257
367976
725478
355455
943076
171746
661960
591579
1066590
267084
888746
865559
869321
1077396
1073681
1065405
240989
917267
489509
539145
481677
194946
1006395
437268
299705
599585
821978
643766
721708
322075
316696
688901
752704
935757
540820
658355
467869
1069233
786292
748160
1089687
1067882
228662
992201
980144
1069761
179736
866640
434151
409311
306835
1056462
893263
464385
591422
348031
1094236
635245
141850
175107
892029
378162
104965
434211
760171
786641
134159
297441
618568
697012
484618
925039
506185
121536
1024109
613683
1028484
975307
196902
395747
758884
456773
1010017
300547
582586
1085591
641345
169827
797844
776581
563236
172963
371732
802526
967092
1040602
251433
518491
315595
899212
589218
270448
816585
969779
819768
955958
735934
379099
1056685
192975
313477
636262
798675
199208
758198
252716
850227
326534
133620
949895
665042
294538
820436
538044
885744
652587
984428
592388
478918
923719
520951
233204
284959
581277
166863
887668
1050204
218866
260478
505520
432388
832268
668695
866262
533578
1042331
1032660
324867
578261
796493
924193
417276
835669
715750
882996
106377
956113
991052
504475
1092478
1097374
956793
362503
934632
554294
1010989
227907
1060858
793906
363206
759891
1023922
1052224
613438
796473
880855
509813
720884
691203
587533
485972
708245
478399
144452
1083638
970133
273798
947447
110280
798406
248712
960723
867820
1003653
523080
177094
1087968
330001
414594
415044
884939
203807
100277
379296
446625
605391
995746
879332
436498
290387
407684
793803
110664
257632
828454
483129
406349
517948
881097
937020
119645
1038297
845725
817469
439651
760459
414199
721704
529631
551144
928610
752723
563289
912935
840233
681083
1012889
928600
263278
264985
726093
569411
486550
393401
795398
330093
164713
581021
223666
155442
516227
304990
469484
1001733
190184
580750
484935
766997
1075701
893042
913293
161304
1092561
992767
1056582
914317
254930
123331
507885
1018568
763272
821706
697210
956484
948049
836699
294897
837712
945233
682625
209594
705761
425443
949692
137334
256054
243514
280395
1091160
444250
796849
190090
706788
133377
548251
725312
694951
437585
236092
388616
1069660
250927
397957
1014602
872166
273045
1093202
551704
823581
129675
887572
560876
987045
916939
163769
226505
1086150
704999
582654
868855
449385
1030376
896300
222178
408677
545758
508859
692843
853195
635595
118997
381209
490406
252131
793527
344990
786707
773257
510251
814643
868162
944802
572896
205147
124302
1099639
231617
584713
1087737
170717
203570
394772
921981
959707
949339
887249
402415
859597
463374
677951
152398
858040
190820
446617
139915
690643
211860
687039
610125
184170
737142
249174
746603
990791
290038
917336
1096670
351838
103355
433597
231027
813205
464824
595444
1062372
300034
448930
526723
119768
653889
412032
155650
176740
431899
145234
478110
857994
268944
913435
1036959
660821
786066
237386
738753
394913
753912
226901
1031945
360651
1093772
160987
801373
994536
551059
671995
770528
187230

arrivals
11
14
17
18
18
21
24
28
29
31
31
41
41
47
54
55
56
57
59
60
60
65
66
68
73
77
77
81
82
85
90
93
95
96
96
98
100
108
110
115
115
122
123
127
130
131
132
133
136
138
139
142
143
144
151
152
152
153
158
159
161
168
168
172
172
173
174
174
174
174
176
178
179
181
181
182
183
185
190
197
198
201
202
202
202
202
203
204
205
207
209
210
212
213
214
217
218
220
222
223
223
225
226
229
231
233
234
235
237
240
240
241
244
246
247
248
254
254
254
256
258
260
260
269
272
275
277
279
280
280
281
286
286
290
294
299
300
302
303
309
309
320
321
325
326
327
329
331
331
333
333
333
333
334
335
335
336
341
351
352
354
357
358
358
359
360
365
366
369
370
371
374
374
378
379
380
382
386
389
392
394
396
400
402
402
403
406
408
413
415
421
424
425
428
429
430
430
430
435
443
445
449
453
453
454
458
459
459
469
470
472
472
472
474
474
475
478
482
483
484
488
490
492
493
496
497
497
497
501
501
504
506
506
507
509
511
511
513
514
514
514
517
521
525
530
535
536
547
548
549
550
551
553
556
560
562
563
564
564
565
566
566
568
568
574
575
578
578
579
586
589
595
596
597
600
600
602
608
608
614
615
615
619
621
626
627
632
633
637
638
640
640
640
645
645
647
648
651
652
652
658
658
659
659
661
667
672
675
678
678
679
681
685
690
690
693
695
695
697
698
698
700
700
702
703
706
711
718
721
723
723
723
725
729
729
731
731
731
734
739
740
741
743
743
745
745
745
750
755
757
758
759
760
762
763
766
768
774
774
777
779
779
780
781
781
782
790
790
792
792
792
799
801
807
808
808
808
810
810
812
812
813
814
815
818
819
820
823
824
835
836
837
839
840
841
844
845
845
847
849
853
856
857
858
861
861
865
865
866
866
867
869
870
870
870
873
874
874
879
884
884
888
893
896
899
901
902
904
905
906
907
907
907
908
909
911
914
916
916
917
918
920
921
926
927
929
931
932
932
933
933
934
935
936
936
936
937
938
940
941
944
945
945
948
956
957
963
965
965
969
969
970
974
975
978
978
979
979
979
979
981
981
982
983
989
993
994
997
998
998
999
1000
1001
1002
1003
1003
1005
1006
1006
1007

lifetimes
5538
1231
8701
9821
2249
1040
5670
1740
3121
4267
2410
857
2488
8178
7180
9786
3382
7648
4531
9542
10100
6977
3395
2831
5679
2693
8145
8732
5569
7820
1683
1614
1387
1727
7635
9343
7764
692
7134
8683
8086
2729
966
6778
2883
5185
2920
2448
9180
9365
2967
8285
7909
3926
8686
1264
5926
674
9929
9494
5040
9431
4557
586
8353
10276
609
2728
3911
9862
3469
1387
1046
4481
10100
4925
7734
5510
7440
7704
2194
7010
7117
7632
4393
1179
1693
4341
7646
3256
4159
2363
3810
984
6050
9103
1249
9079
3217
6434
9729
4303
10491
6439
2167
3458
4114
5640
8432
3299
2363
5613
5344
988
6853
1135
10407
6151
5426
6993
3351
1944
9381
10429
10332
9888
7925
1684
3806
1801
7141
1983
5795
1070
9491
2831
2488
3846
588
6747
8407
3094
8193
2113
6144
2082
1670
10105
6540
6922
4618
3825
4999
536
5274
5219
6320
10426
9135
3259
8374
1258
10265
646
6573
3844
4057
3315
606
4641
3028
7995
5162
3192
8131
1946
1000
7758
6711
8125
8144
4772
1808
3717
1485
4018
5092
2299
540
8421
4486
8866
558
2318
10326
3168
9995
1159
4127
10448
9787
9626
7920
6039
5727
503
3177
7634
9991
2213
9668
5933
4924
2404
7645
1835
9302
10214
503
8219
3560
7856
5976
9187
8552
7296
8974
7507
5862
6771
6372
1945
8416
6654
7433
9357
7312
2976
7511
6324
1901
8493
1481
2401
1842
636
2454
2020
8482
778
4214
8434
3786
5078
834
2902
7746
1906
9210
4604
6385
520
1147
10226
6980
1861
8854
5629
5114
10338
1917
7539
7619
680
3443
9468
5664
1433
9818
3752
8655
2232
4786
1579
4564
9580
2894
6309
4651
8418
9272
7690
5510
3207
9788
6097
2351
4687
9009
9264
2036
1197
5503
7679
1912
3635
10073
7643
3170
4526
2457
2058
4220
8033
1725
7821
549
7660
2357
5546
10408
1852
8434
8141
3571
4463
511
3226
2575
6887
10176
4970
1168
10177
5877
6185
5884
2115
969
6114
7302
7306
1204
3887
7534
1369
3672
7015
3565
9075
9846
646
2356
962
6600
8997
3105
2504
2023
4111
9842
5054
3788
1246
9284
5902
9536
1599
975
7122
5398
7931
4042
9756
7822
9395
9049
4943
4467
2620
2251
2231
2524
3772
2034
6398
2876
6275
9906
4683
4387
2950
891
4516
9533
10457
3081
979
10440
9299
6134
6707
9768
5005
9375
7781
4013
2170
799
581
4006
555
1700
3538
630
10238
8383
5077
9884
5589
1333
7962
6980
10006
8901
9737
3082
1593
1186
6643
8693
1187
851
8772
5367
7637
4073
5716
7665
8291
9417
4287
2506
8696
4582
8567
7891
10414
2026
4558
6137
5357
5247
6683
6701
6239
1118
3628
2484
3808
1357
2399
9390
1429
8036
9985
10382
6107
2028
731
1321
1560
7966
1101
5970
778
3799
6163
3656
9965
1179
9193
6035
3275
9312
5014
10499
4255
9735
1038
6283
4941
10028
1047
5052
5167
3219
10443
9834
8123

Objects: 500
Simulations: 100
[3.0, 9.0, 88.0]
Expected total pause time: 172136.3
Expected variance of pause times: 2714.6470537923215
Generation 0: 3.0
Generation 1: 9.0
Generation 2: 88.0
Variance total pause time: 26437.93564842006
[4.0, 16.0, 80.0]
Expected total pause time: 114852.79
Expected variance of pause times: 2273.525827366821
Generation 0: 4.0
Generation 1: 16.0
Generation 2: 80.0
Variance total pause time: 15334.429000973592
[6.0, 36.0, 58.0]
Expected total pause time: 131359.69
Expected variance of pause times: 2000.8499398234542
Generation 0: 6.0
Generation 1: 36.0
Generation 2: 58.0
Variance total pause time: 10644.472782336377
[33.0, 33.0, 34.0]
Expected total pause time: 52584.77
Expected variance of pause times: 1840.7983133706698
Generation 0: 33.0
Generation 1: 33.0
Generation 2: 34.0
Variance total pause time: 5910.897650704163
[50.0, 30.0, 20.0]
Expected total pause time: 45897.91
Expected variance of pause times: 1798.647352729844
Generation 0: 50.0
Generation 1: 30.0
Generation 2: 20.0
Variance total pause time: 4292.211921830049
